4,2a60dba5d290434eb374bcfa7109f774,showProduct,2021 八月 05 15:27:12,853
4,2a60dba5d290434eb374bcfa7109f774,addCart,2021 八月 05 15:27:14,147
4,000f238da6684372a370a4fd021f8e3c,showProduct,2021 八月 05 15:27:17,679
4,000f238da6684372a370a4fd021f8e3c,addCart,2021 八月 05 15:27:19,382
5,000f238da6684372a370a4fd021f8e3c,showProduct,2021 八月 05 15:27:28,112
6,6c66277d64b84b4c9792be550e76b8a2,showProduct,2021 八月 05 15:27:41,476
6,6c66277d64b84b4c9792be550e76b8a2,addCart,2021 八月 05 15:27:42,613
6,6c66277d64b84b4c9792be550e76b8a2,createOrder,2021 八月 05 15:27:47,541
6,172c23ba6e1141f6a07eb3fd7c1c42c9,paysuccess,2021 八月 05 15:40:20,470
6,b91ec34c1f9d42c9971d94c98a92dc97,showProduct,2021 八月 05 15:40:29,287
6,000f238da6684372a370a4fd021f8e3c,showProduct,2021 八月 05 15:40:33,106
6,028eb9b397744e35a4a2bccb4382d211,showProduct,2021 八月 05 15:40:36,402
6,21a6fe44974c4ef7bdc4ee159ee0937e,showProduct,2021 八月 05 15:40:39,897
5,6cf8941df5d14bfb9a09ee8d4a377e93,showProduct,2021 八月 05 16:03:02,712
5,172c23ba6e1141f6a07eb3fd7c1c42c9,showProduct,2021 八月 05 16:03:07,596
5,000f238da6684372a370a4fd021f8e3c,showProduct,2021 八月 05 16:03:11,384
4,21a6fe44974c4ef7bdc4ee159ee0937e,showProduct,2021 八月 05 16:07:50,396
4,21a6fe44974c4ef7bdc4ee159ee0937e,addCart,2021 八月 05 16:07:51,535
4,21a6fe44974c4ef7bdc4ee159ee0937e,createOrder,2021 八月 05 16:07:57,728
4,028eb9b397744e35a4a2bccb4382d211,showProduct,2021 八月 05 20:28:34,712
4,028eb9b397744e35a4a2bccb4382d211,addCart,2021 八月 05 20:28:38,281
4,028eb9b397744e35a4a2bccb4382d211,createOrder,2021 八月 05 20:28:44,723
4,21a6fe44974c4ef7bdc4ee159ee0937e,paysuccess,2021 八月 05 20:28:49,868
5,028eb9b397744e35a4a2bccb4382d211,showProduct,2021 八月 05 20:29:21,792
5,028eb9b397744e35a4a2bccb4382d211,addCart,2021 八月 05 20:29:22,997
5,028eb9b397744e35a4a2bccb4382d211,createOrder,2021 八月 05 20:29:30,371
5,000f238da6684372a370a4fd021f8e3c,paysuccess,2021 八月 05 20:29:36,674
5,028eb9b397744e35a4a2bccb4382d211,paysuccess,2021 八月 05 20:29:39,919
6,6c66277d64b84b4c9792be550e76b8a2,paysuccess,2021 八月 05 20:30:04,371
4,000f238da6684372a370a4fd021f8e3c,showProduct,2021 八月 05 21:03:48,709
4,000f238da6684372a370a4fd021f8e3c,showProduct,2021 八月 05 21:03:58,597
4,48afeac4f000415bb0c3dc42bf3f5f1b,showProduct,2021 八月 05 21:04:09,242
4,48afeac4f000415bb0c3dc42bf3f5f1b,addCart,2021 八月 05 21:04:11,233
4,ebc775e8c2a344bc917da8032bf7feed,showProduct,2021 八月 05 21:04:15,709
4,ebc775e8c2a344bc917da8032bf7feed,addCart,2021 八月 05 21:04:16,895
4,000f238da6684372a370a4fd021f8e3c,showProduct,2021 八月 06 12:02:47,518
4,000f238da6684372a370a4fd021f8e3c,addCart,2021 八月 06 12:02:49,289
5,353bf4ed9032490a998b2f4a124df07f,showProduct,2021 八月 06 12:03:01,519
5,353bf4ed9032490a998b2f4a124df07f,addCart,2021 八月 06 12:03:02,526
5,6c66277d64b84b4c9792be550e76b8a2,showProduct,2021 八月 06 12:15:47,575
5,2a60dba5d290434eb374bcfa7109f774,showProduct,2021 八月 06 12:15:51,339
6,6c66277d64b84b4c9792be550e76b8a2,showProduct,2021 八月 06 12:32:59,123
6,6c66277d64b84b4c9792be550e76b8a2,addCart,2021 八月 06 12:33:18,234
6,21a6fe44974c4ef7bdc4ee159ee0937e,showProduct,2021 八月 06 13:13:47,980
6,21a6fe44974c4ef7bdc4ee159ee0937e,addCart,2021 八月 06 13:13:48,934
6,401496fb1cea4719b0be4589506bd2e7,showProduct,2021 八月 06 13:15:11,105
6,401496fb1cea4719b0be4589506bd2e7,addCart,2021 八月 06 13:15:12,874
6,401496fb1cea4719b0be4589506bd2e7,createOrder,2021 八月 06 13:15:18,485
6,21a6fe44974c4ef7bdc4ee159ee0937e,createOrder,2021 八月 06 13:15:18,485
5,b91ec34c1f9d42c9971d94c98a92dc97,showProduct,2021 八月 06 13:15:29,500
5,b91ec34c1f9d42c9971d94c98a92dc97,addCart,2021 八月 06 13:15:30,609
5,6c66277d64b84b4c9792be550e76b8a2,showProduct,2021 八月 06 14:13:59,130
5,6c66277d64b84b4c9792be550e76b8a2,addCart,2021 八月 06 14:14:00,249
5,401496fb1cea4719b0be4589506bd2e7,showProduct,2021 八月 06 15:14:35,760
5,401496fb1cea4719b0be4589506bd2e7,addCart,2021 八月 06 15:14:37,307
5,48afeac4f000415bb0c3dc42bf3f5f1b,showProduct,2021 八月 06 15:15:24,257
5,172c23ba6e1141f6a07eb3fd7c1c42c9,showProduct,2021 八月 06 15:15:32,706
5,172c23ba6e1141f6a07eb3fd7c1c42c9,addCart,2021 八月 06 15:15:33,904
5,172c23ba6e1141f6a07eb3fd7c1c42c9,createOrder,2021 八月 06 15:15:41,267
5,401496fb1cea4719b0be4589506bd2e7,createOrder,2021 八月 06 15:15:41,267
6,346dcbc2799745e8a6b23a413a6ab773,showProduct,2021 八月 06 15:15:58,025
6,346dcbc2799745e8a6b23a413a6ab773,addCart,2021 八月 06 15:15:59,629
6,21a6fe44974c4ef7bdc4ee159ee0937e,paysuccess,2021 八月 06 15:17:22,755
6,401496fb1cea4719b0be4589506bd2e7,paysuccess,2021 八月 06 15:17:22,755
5,2a60dba5d290434eb374bcfa7109f774,showProduct,2021 八月 06 15:52:05,590
5,2a60dba5d290434eb374bcfa7109f774,addCart,2021 八月 06 15:52:06,577
5,2a60dba5d290434eb374bcfa7109f774,createOrder,2021 八月 06 15:52:15,439
5,401496fb1cea4719b0be4589506bd2e7,showProduct,2021 八月 06 15:52:41,853
5,401496fb1cea4719b0be4589506bd2e7,addCart,2021 八月 06 15:52:42,823
